<?xml version="1.0" encoding="UTF-8"?>
<robot generator="Robot 7.0 (Python 3.12.3 on win32)" generated="2024-05-09T17:29:15.485139" rpa="false" schemaversion="5">
<suite id="s1" name="Test" source="C:\Users\devops\PycharmProjects\pythonProject1\test.robot">
<test id="s1-t1" name="TC2_Chuyen_tien_den_so_dien_thoai_nguon_MM" line="14">
<kw name="Log To Console" owner="BuiltIn">
<arg>${TEST_NAME}</arg>
<doc>Logs the given message to the console.</doc>
<status status="PASS" start="2024-05-09T17:29:15.658623" elapsed="0.000000"/>
</kw>
<kw name="Log" owner="BuiltIn">
<msg time="2024-05-09T17:29:15.674245" level="INFO">TC2_Chuyen_tien_den_so_dien_thoai_nguon_MM</msg>
<arg>${TEST_NAME}</arg>
<doc>Logs the given message with the given level.</doc>
<status status="PASS" start="2024-05-09T17:29:15.674245" elapsed="0.000000"/>
</kw>
<status status="PASS" start="2024-05-09T17:29:15.658623" elapsed="0.015622"/>
</test>
<status status="PASS" start="2024-05-09T17:29:15.485139" elapsed="0.189106"/>
</suite>
<statistics>
<total>
<stat pass="1" fail="0" skip="0">All Tests</stat>
</total>
<tag>
</tag>
<suite>
<stat pass="1" fail="0" skip="0" id="s1" name="Test">Test</stat>
</suite>
</statistics>
<errors>
</errors>
</robot>
